<?xml version="1.0" encoding="UTF-8"?>
<!-- Generated by org.testng.reporters.JUnitReportReporter -->
<testsuite hostname="Animesh" failures="0" tests="1" name="testCases.TC_SF_008" time="0.969" errors="0" timestamp="2024-11-08T04:19:04 IST" skipped="0">
  <testcase classname="testCases.TC_SF_008" name="verify_navigating_to_productCompare_from_search" time="0.969"/>
</testsuite> <!-- testCases.TC_SF_008 -->
