<?xml version="1.0" encoding="UTF-8"?>
<!-- Generated by org.testng.reporters.JUnitReportReporter -->
<testsuite hostname="Animesh" failures="0" tests="1" name="testCases.TC002_LoginTest" time="1.759" errors="0" timestamp="2024-11-08T04:19:04 IST" skipped="0">
  <testcase classname="testCases.TC002_LoginTest" name="verify_login" time="1.759"/>
</testsuite> <!-- testCases.TC002_LoginTest -->
