<?xml version="1.0" encoding="UTF-8"?>
<!-- Generated by org.testng.reporters.JUnitReportReporter -->
<testsuite hostname="Animesh" failures="0" tests="1" name="testCases.TC_SF_009" time="0.958" errors="0" timestamp="2024-11-08T04:19:04 IST" skipped="0">
  <testcase classname="testCases.TC_SF_009" name="verify_sort_button" time="0.958"/>
</testsuite> <!-- testCases.TC_SF_009 -->
