<?xml version="1.0" encoding="UTF-8"?>
<!-- Generated by org.testng.reporters.JUnitReportReporter -->
<testsuite hostname="Animesh" failures="0" tests="1" name="testCases.TC_PC_003" time="1.003" errors="0" timestamp="2024-11-08T04:19:04 IST" skipped="0">
  <testcase classname="testCases.TC_PC_003" name="verify_navigating_to_product_compare_page_from_search_results" time="1.003"/>
</testsuite> <!-- testCases.TC_PC_003 -->
