<?xml version="1.0" encoding="UTF-8"?>
<!-- Generated by org.testng.reporters.JUnitReportReporter -->
<testsuite hostname="Animesh" failures="0" tests="1" name="testCases.TC_RF_002" time="1.408" errors="0" timestamp="2024-11-08T04:19:04 IST" skipped="0">
  <testcase classname="testCases.TC_RF_002" name="verify_mandatory_fields_err" time="1.408"/>
</testsuite> <!-- testCases.TC_RF_002 -->
