<?xml version="1.0" encoding="UTF-8"?>
<!-- Generated by org.testng.reporters.JUnitReportReporter -->
<testsuite hostname="Animesh" failures="0" tests="1" name="testCases.TC002_LoginTest" time="2.040" errors="0" timestamp="2024-10-24T00:25:44 IST" skipped="0">
  <testcase classname="testCases.TC002_LoginTest" name="verify_login" time="2.040"/>
</testsuite> <!-- testCases.TC002_LoginTest -->
