<?xml version="1.0" encoding="UTF-8"?>
<!-- Generated by org.testng.reporters.JUnitReportReporter -->
<testsuite hostname="Animesh" failures="0" tests="1" name="testCases.TC001_AccountRegristrationTest" time="1.831" errors="0" timestamp="2024-11-08T04:19:04 IST" skipped="0">
  <testcase classname="testCases.TC001_AccountRegristrationTest" name="verify_account_registration" time="1.831"/>
</testsuite> <!-- testCases.TC001_AccountRegristrationTest -->
