<?xml version="1.0" encoding="UTF-8"?>
<!-- Generated by org.testng.reporters.JUnitReportReporter -->
<testsuite hostname="Animesh" failures="0" tests="1" name="testCases.TC001_AccountRegristrationTest" time="1.854" errors="0" timestamp="2024-10-29T00:15:42 IST" skipped="0">
  <testcase classname="testCases.TC001_AccountRegristrationTest" name="verify_account_registration" time="1.854"/>
</testsuite> <!-- testCases.TC001_AccountRegristrationTest -->
