<?xml version="1.0" encoding="UTF-8"?>
<!-- Generated by org.testng.reporters.JUnitReportReporter -->
<testsuite hostname="Animesh" failures="0" tests="1" name="testCases.TC001_AccountRegristrationTest" time="2.254" errors="0" timestamp="2024-10-23T20:09:02 IST" skipped="0">
  <testcase classname="testCases.TC001_AccountRegristrationTest" name="verify_account_registration" time="2.254"/>
</testsuite> <!-- testCases.TC001_AccountRegristrationTest -->
